********************************************************************************
DUPLICATOR-LITE PACKAGE-LOG: 8 October 2019 22 h 06 min
NOTICE: Do NOT post to public sites or forums 
********************************************************************************
VERSION:	1.3.22
WORDPRESS:	5.2.3
PHP INFO:	7.0.13 | SAPI: apache2handler
SERVER:		Apache/2.4.23 (Win32) OpenSSL/1.0.2h PHP/7.0.13 
PHP TIME LIMIT: (0) no time limit imposed 
PHP MAX MEMORY: 4294967296 (-1 default) 
MEMORY STACK: 6MB

********************************************************************************
DATABASE:
********************************************************************************
BUILD MODE:   MYSQLDUMP
MYSQLTIMEOUT: 5000
MYSQLDUMP:    Is Supported
SQL CREATED: 20191008_mangeonsafro_6dbbceea0bd350e54432_20191008220427_database.sql
SQL FILE SIZE: 333.96KB (341971)
SQL FILE TIME: 2019-10-08 22:07:04
SQL RUNTIME: 3.71 sec.

********************************************************************************
ARCHIVE (ZIP):
********************************************************************************
ARCHIVE DIR:  C:/xampp/htdocs/mangeonsafro-wp
ARCHIVE FILE: 20191008_mangeonsafro_6dbbceea0bd350e54432_20191008220427_archive.zip
FILTERS: *OFF*
DIRS:
	not set
FILES:
	not set
EXTS:  not set
----------------------------------------
COMPRESSING
SIZE:	67.59MB
STATS:	Dirs 321 | Files 3,153
SQL ADDED: 20191008_mangeonsafro_6dbbceea0bd350e54432_20191008220427_database.sql
ZipArchive Object
(
    [status] => 0
    [statusSys] => 0
    [numFiles] => 3474
    [filename] => C:\xampp\htdocs\mangeonsafro-wp\wp-snapshots\tmp\20191008_mangeonsafro_6dbbceea0bd350e54432_20191008220427_archive.zip
    [comment] => 
)

FILE ADDED TO ZIP: 3473
COMPRESSION RESULT: '1'
COMPRESSED SIZE: 22.3MB
ARCHIVE RUNTIME: 53.70 sec.
MEMORY STACK: 6MB
building installer
add_extra_files1
add_extra_files2
add_extra_files3
add_extra_files4
Doing archive file check
add_extra_files5
add_extra_files6
add_extra_files8
Successfully opened zip C:/xampp/htdocs/mangeonsafro-wp/wp-snapshots/tmp/20191008_mangeonsafro_6dbbceea0bd350e54432_20191008220427_archive.zip
Adding enhanced installer files to archive using ZipArchive
Installer files added to archive
Added to archive
After ziparchive close when adding installer

********************************************************************************
INTEGRITY CHECKS:
********************************************************************************
SQL FILE: 333.96KB
INSTALLER FILE: 60.53KB
ARCHIVE FILE: 23.62MB 
COMPTE ATTENDU DE FICHIERS/RÉPERTOIRES : 3,474
COMPTE ACTUEL DE FICHIERS/RÉPERTOIRES : 3,473
TEST DE COHÉRENCE D’ARCHIVE : Bon

********************************************************************************
RECORD ID:[1]
TOTAL PROCESS RUNTIME: 60.56 sec.
PEAK PHP MEMORY USED: 6MB
DONE PROCESSING => 20191008_mangeonsafro 8 October 2019 22 h 08 min

